2024-09-18 15:53:43,156:ERROR:Error processing https://ytimg.com/: HTTPSConnectionPool(host='ytimg.com', port=443): Max retries exceeded with url: / (Caused by NameResolutionError("<urllib3.connection.HTTPSConnection object at 0x1104c0dd0>: Failed to resolve 'ytimg.com' ([Errno 8] nodename nor servname provided, or not known)"))
2024-09-18 15:53:43,553:INFO:Processed https://urbandictionary.com/: 18 <script> tags.
2024-09-18 15:53:43,617:INFO:Processed https://de.wikipedia.org/: 4 <script> tags.
2024-09-18 15:53:43,631:INFO:Processed https://rtve.es/: 6 <script> tags.
2024-09-18 15:53:43,695:INFO:Processed https://cnn.com/: 12 <script> tags.
2024-09-18 15:53:43,757:INFO:Processed https://whatsapp.com/: 16 <script> tags.
2024-09-18 15:53:43,887:INFO:Processed https://fr.wikipedia.org/: 4 <script> tags.
2024-09-18 15:53:43,934:INFO:Processed https://nationalgeographic.com/: 21 <script> tags.
2024-09-18 15:53:44,066:INFO:Processed https://ehow.com/: 25 <script> tags.
2024-09-18 15:53:44,138:INFO:Processed https://about.com/: 19 <script> tags.
2024-09-18 15:53:44,248:INFO:Processed https://one.com/: 2 <script> tags.
2024-09-18 15:53:44,308:ERROR:Error processing https://seesaa.net/: HTTPSConnectionPool(host='cms.blogdev', port=443): Max retries exceeded with url: / (Caused by NameResolutionError("<urllib3.connection.HTTPSConnection object at 0x1179e8e10>: Failed to resolve 'cms.blogdev' ([Errno 8] nodename nor servname provided, or not known)"))
2024-09-18 15:53:44,323:INFO:Processed https://mail.google.com/: 6 <script> tags.
2024-09-18 15:53:44,341:INFO:Processed https://instagram.com/: 48 <script> tags.
2024-09-18 15:53:44,426:INFO:Processed https://terra.com.br/: 40 <script> tags.
2024-09-18 15:53:44,531:ERROR:Error processing https://columbia.edu/: 403 Client Error: Forbidden for url: https://columbia.edu/
2024-09-18 15:53:44,619:ERROR:Error processing https://cambridge.org/: 403 Client Error: Forbidden for url: https://www.cambridge.org
2024-09-18 15:53:44,655:INFO:Processed https://steamcommunity.com/: 31 <script> tags.
2024-09-18 15:53:44,703:INFO:Processed https://intel.com/: 35 <script> tags.
2024-09-18 15:53:44,795:INFO:Processed https://nginx.org/: 0 <script> tags.
2024-09-18 15:53:44,943:ERROR:Error processing https://nydailynews.com/: 403 Client Error: Forbidden for url: https://nydailynews.com/
2024-09-18 15:53:44,949:INFO:Processed https://live.com/: 49 <script> tags.
2024-09-18 15:53:44,994:INFO:Processed https://webmd.com/: 20 <script> tags.
2024-09-18 15:53:45,027:INFO:Processed https://stores.jp/: 7 <script> tags.
2024-09-18 15:53:45,118:INFO:Processed https://scoop.it/: 18 <script> tags.
2024-09-18 15:53:45,147:INFO:Processed https://lemonde.fr/: 26 <script> tags.
2024-09-18 15:53:45,188:INFO:Processed https://nba.com/: 40 <script> tags.
2024-09-18 15:53:45,318:ERROR:Error processing https://storify.com/: HTTPSConnectionPool(host='storify.com', port=443): Max retries exceeded with url: / (Caused by NameResolutionError("<urllib3.connection.HTTPSConnection object at 0x120e093d0>: Failed to resolve 'storify.com' ([Errno 8] nodename nor servname provided, or not known)"))
2024-09-18 15:53:45,393:INFO:Processed https://fifa.com/: 4 <script> tags.
2024-09-18 15:53:45,426:ERROR:Error processing https://chicagotribune.com/: 403 Client Error: Forbidden for url: https://chicagotribune.com/
2024-09-18 15:53:45,507:ERROR:Error processing https://answers.yahoo.com/: 403 Client Error: Forbidden for url: https://answers.yahoo.com/
2024-09-18 15:53:45,546:INFO:Processed https://ikea.com/: 16 <script> tags.
2024-09-18 15:53:45,551:INFO:Processed https://about.me/: 4 <script> tags.
2024-09-18 15:53:45,589:INFO:Processed https://google.co.id/: 13 <script> tags.
2024-09-18 15:53:46,330:INFO:Processed https://gofundme.com/: 30 <script> tags.
2024-09-18 15:53:46,345:INFO:Processed https://amzn.to/: 3 <script> tags.
2024-09-18 15:53:46,589:ERROR:Error processing https://fda.gov/: 404 Client Error: Not Found for url: https://www.fda.gov/apology_objects/abuse-detection-apology.html
2024-09-18 15:53:46,652:INFO:Processed https://netflix.com/: 9 <script> tags.
2024-09-18 15:53:46,700:INFO:Processed https://imdb.com/: 194 <script> tags.
2024-09-18 15:53:46,795:INFO:Processed https://teamviewer.com/: 14 <script> tags.
2024-09-18 15:53:46,861:INFO:Processed https://blackberry.com/: 11 <script> tags.
2024-09-18 15:53:46,870:INFO:Processed https://oreilly.com/: 13 <script> tags.
2024-09-18 15:53:46,938:INFO:Processed https://samsung.com/: 25 <script> tags.
2024-09-18 15:53:46,967:INFO:Processed https://mercurynews.com/: 40 <script> tags.
2024-09-18 15:53:47,054:INFO:Processed https://pt.wikipedia.org/: 5 <script> tags.
2024-09-18 15:53:47,059:INFO:Processed https://facebook.com/: 16 <script> tags.
2024-09-18 15:53:47,084:INFO:Processed https://bbc.co.uk/: 55 <script> tags.
2024-09-18 15:53:47,431:INFO:Processed https://newsweek.com/: 53 <script> tags.
2024-09-18 15:53:47,486:INFO:Processed https://lonelyplanet.com/: 18 <script> tags.
2024-09-18 15:53:47,534:INFO:Processed https://disqus.com/: 3 <script> tags.
2024-09-18 15:53:47,569:INFO:Processed https://yelp.com/: 36 <script> tags.
2024-09-18 15:53:47,822:INFO:Processed https://dw.com/: 2 <script> tags.
2024-09-18 15:53:47,907:INFO:Processed https://fortune.com/: 16 <script> tags.
2024-09-18 15:53:47,949:INFO:Processed https://wordpress.org/: 14 <script> tags.
2024-09-18 15:53:47,978:INFO:Processed https://greenpeace.org/: 4 <script> tags.
2024-09-18 15:53:48,073:INFO:Processed https://www.gov.uk/: 7 <script> tags.
2024-09-18 15:53:48,144:INFO:Processed https://slate.com/: 32 <script> tags.
2024-09-18 15:53:48,157:INFO:Processed https://goo.gl/: 8 <script> tags.
2024-09-18 15:53:48,222:INFO:Processed https://google.co.uk/: 13 <script> tags.
2024-09-18 15:53:48,565:INFO:Processed https://zdnet.com/: 39 <script> tags.
2024-09-18 15:53:48,579:INFO:Processed https://mozilla.org/: 10 <script> tags.
2024-09-18 15:53:48,817:INFO:Processed https://www.wikipedia.org/: 4 <script> tags.
2024-09-18 15:53:48,846:INFO:Processed https://fool.com/: 23 <script> tags.
2024-09-18 15:53:49,170:INFO:Processed https://psu.edu/: 33 <script> tags.
2024-09-18 15:53:49,256:INFO:Processed https://abc.es/: 25 <script> tags.
2024-09-18 15:53:49,606:INFO:Processed https://files.wordpress.com/: 23 <script> tags.
2024-09-18 15:53:49,644:INFO:Processed https://amazon.es/: 103 <script> tags.
2024-09-18 15:53:49,819:ERROR:Error processing https://httpstat.us/404: 404 Client Error: Not Found for url: https://httpstat.us/404
2024-09-18 15:53:49,844:INFO:Processed https://thestar.com/: 112 <script> tags.
2024-09-18 15:53:49,950:INFO:Processed https://ok.ru/: 35 <script> tags.
2024-09-18 15:53:49,956:INFO:Processed https://bloomberg.com/: 4 <script> tags.
2024-09-18 15:53:50,015:INFO:Processed https://scribd.com/: 15 <script> tags.
2024-09-18 15:53:50,229:INFO:Processed https://sciencedaily.com/: 9 <script> tags.
2024-09-18 15:53:50,429:INFO:Processed https://google.pl/: 13 <script> tags.
2024-09-18 15:53:50,635:INFO:Processed https://worldbank.org/: 18 <script> tags.
2024-09-18 15:53:50,719:INFO:Processed https://shutterstock.com/: 33 <script> tags.
2024-09-18 15:53:51,037:INFO:Processed https://ebay.co.uk/: 25 <script> tags.
2024-09-18 15:53:51,058:INFO:Processed https://engadget.com/: 40 <script> tags.
2024-09-18 15:53:51,061:ERROR:Error processing https://secureserver.net/: 404 Client Error: Not Found for url: https://www.secureserver.net/
2024-09-18 15:53:51,290:INFO:Processed https://harvard.edu/: 20 <script> tags.
2024-09-18 15:53:51,392:INFO:Processed https://instructables.com/: 9 <script> tags.
2024-09-18 15:53:51,562:INFO:Processed https://ebay.com/: 26 <script> tags.
2024-09-18 15:53:51,697:INFO:Processed https://whitehouse.gov/: 9 <script> tags.
2024-09-18 15:53:51,779:INFO:Processed https://usgs.gov/: 76 <script> tags.
2024-09-18 15:53:51,861:INFO:Processed https://bitly.com/: 26 <script> tags.
2024-09-18 15:53:51,956:INFO:Processed https://gen.xyz/: 24 <script> tags.
2024-09-18 15:53:52,015:ERROR:Error processing https://yahoo.co.jp/: 403 Client Error: Forbidden for url: https://www.yahoo.co.jp:443/
2024-09-18 15:53:52,037:ERROR:Error processing https://naver.jp/: HTTPSConnectionPool(host='naver.jp', port=443): Max retries exceeded with url: / (Caused by NameResolutionError("<urllib3.connection.HTTPSConnection object at 0x120e9ca50>: Failed to resolve 'naver.jp' ([Errno 8] nodename nor servname provided, or not known)"))
2024-09-18 15:53:52,195:INFO:Processed https://last.fm/: 16 <script> tags.
2024-09-18 15:53:52,334:ERROR:Error processing https://kickstarter.com/: 403 Client Error: Forbidden for url: https://www.kickstarter.com/
2024-09-18 15:53:52,438:INFO:Processed https://ig.com.br/: 11 <script> tags.
2024-09-18 15:53:52,454:INFO:Processed https://allaboutcookies.org/: 9 <script> tags.
2024-09-18 15:53:52,593:INFO:Processed https://ietf.org/: 5 <script> tags.
2024-09-18 15:53:52,727:INFO:Processed https://myspace.com/: 11 <script> tags.
2024-09-18 15:53:52,782:ERROR:Error processing https://reuters.com/: 401 Client Error: HTTP Forbidden for url: https://www.reuters.com/
2024-09-18 15:53:52,882:INFO:Processed https://translate.google.com/: 0 <script> tags.
2024-09-18 15:53:53,315:INFO:Processed https://www.wix.com/: 63 <script> tags.
2024-09-18 15:53:53,374:INFO:Processed https://steampowered.com/: 26 <script> tags.
2024-09-18 15:53:53,396:INFO:Processed https://e-recht24.de/: 42 <script> tags.
2024-09-18 15:53:53,484:INFO:Processed https://upenn.edu/: 8 <script> tags.
2024-09-18 15:53:53,516:ERROR:Error processing https://bp.blogspot.com/: HTTPSConnectionPool(host='bp.blogspot.com', port=443): Max retries exceeded with url: / (Caused by NameResolutionError("<urllib3.connection.HTTPSConnection object at 0x117d5e790>: Failed to resolve 'bp.blogspot.com' ([Errno 8] nodename nor servname provided, or not known)"))
2024-09-18 15:53:53,576:INFO:Processed https://who.int/: 39 <script> tags.
2024-09-18 15:53:53,641:INFO:Processed https://cbsnews.com/: 9 <script> tags.
2024-09-18 15:53:53,670:INFO:Processed https://time.com/: 19 <script> tags.
2024-09-18 15:53:53,700:INFO:Processed https://marriott.com/: 29 <script> tags.
2024-09-18 15:53:53,770:INFO:Processed https://forbes.com/: 16 <script> tags.
2024-09-18 15:53:53,887:INFO:Processed https://drive.google.com/: 6 <script> tags.
2024-09-18 15:53:53,934:INFO:Processed https://vimeo.com/: 26 <script> tags.
2024-09-18 15:53:53,955:INFO:Processed https://addtoany.com/: 4 <script> tags.
2024-09-18 15:53:53,984:ERROR:Error processing https://eyjhiwueuoc.com/: HTTPSConnectionPool(host='eyjhiwueuoc.com', port=443): Max retries exceeded with url: / (Caused by NameResolutionError("<urllib3.connection.HTTPSConnection object at 0x117e97ed0>: Failed to resolve 'eyjhiwueuoc.com' ([Errno 8] nodename nor servname provided, or not known)"))
2024-09-18 15:53:54,137:INFO:Processed https://ru.wikipedia.org/: 5 <script> tags.
2024-09-18 15:53:54,183:INFO:Processed https://utexas.edu/: 13 <script> tags.
2024-09-18 15:53:54,705:INFO:Processed https://disney.go.com/: 1 <script> tags.
2024-09-18 15:53:55,032:INFO:Processed https://vk.com/: 16 <script> tags.
2024-09-18 15:53:55,068:INFO:Processed https://plesk.com/: 73 <script> tags.
2024-09-18 15:53:55,179:INFO:Processed https://netvibes.com/: 8 <script> tags.
2024-09-18 15:53:55,443:INFO:Processed https://mayoclinic.org/: 29 <script> tags.
2024-09-18 15:53:55,650:INFO:Processed https://indiatimes.com/: 13 <script> tags.
2024-09-18 15:53:55,708:INFO:Processed https://parallels.com/: 39 <script> tags.
2024-09-18 15:53:55,965:INFO:Processed https://gnu.org/: 0 <script> tags.
2024-09-18 15:53:55,999:INFO:Processed https://noaa.gov/: 61 <script> tags.
2024-09-18 15:53:56,062:ERROR:Error processing https://rapidshare.com/: HTTPSConnectionPool(host='rapidshare.com', port=443): Max retries exceeded with url: / (Caused by NewConnectionError('<urllib3.connection.HTTPSConnection object at 0x120f6d190>: Failed to establish a new connection: [Errno 61] Connection refused'))
2024-09-18 15:53:56,171:INFO:Processed https://spotify.com/: 9 <script> tags.
2024-09-18 15:53:56,239:INFO:Processed https://shopify.com/: 3 <script> tags.
2024-09-18 15:53:56,544:INFO:Processed https://loc.gov/: 24 <script> tags.
2024-09-18 15:53:56,568:ERROR:Error processing https://googleusercontent.com/: 404 Client Error: Not Found for url: https://googleusercontent.com/
2024-09-18 15:53:56,583:INFO:Processed https://mashable.com/: 20 <script> tags.
2024-09-18 15:53:56,638:ERROR:Error processing https://pcmag.com/: 403 Client Error: Forbidden for url: https://www.pcmag.com/
2024-09-18 15:53:56,658:INFO:Processed https://ipv4.google.com/: 13 <script> tags.
2024-09-18 15:53:56,769:INFO:Processed https://stanford.edu/: 13 <script> tags.
2024-09-18 15:53:56,862:INFO:Processed https://www.skyrock.com/: 0 <script> tags.
2024-09-18 15:53:56,863:INFO:Processed https://amazon.fr/: 124 <script> tags.
2024-09-18 15:53:56,928:INFO:Processed https://nypost.com/: 68 <script> tags.
2024-09-18 15:53:57,023:INFO:Processed https://zippyshare.com/: 4 <script> tags.
2024-09-18 15:53:57,051:INFO:Processed https://mit.edu/: 5 <script> tags.
2024-09-18 15:53:57,246:INFO:Processed https://nytimes.com/: 29 <script> tags.
2024-09-18 15:53:57,313:INFO:Processed https://express.co.uk/: 81 <script> tags.
2024-09-18 15:53:57,388:INFO:Processed https://google.ru/: 13 <script> tags.
2024-09-18 15:53:57,415:INFO:Processed https://ted.com/: 43 <script> tags.
2024-09-18 15:53:57,681:INFO:Processed https://accounts.google.com/: 6 <script> tags.
2024-09-18 15:53:57,797:INFO:Processed https://picasa.google.com/: 4 <script> tags.
2024-09-18 15:53:57,981:INFO:Processed https://cpanel.net/: 16 <script> tags.
2024-09-18 15:53:58,182:ERROR:Error processing https://photos1.blogger.com/: 404 Client Error: Not Found for url: https://photos1.blogger.com/
2024-09-18 15:53:58,225:INFO:Processed https://opera.com/: 4 <script> tags.
2024-09-18 15:53:58,448:INFO:Processed https://disney.com/: 24 <script> tags.
2024-09-18 15:53:58,451:INFO:Processed https://ovh.net/: 1 <script> tags.
2024-09-18 15:53:58,677:INFO:Processed https://nokia.com/: 15 <script> tags.
2024-09-18 15:53:58,712:INFO:Processed https://vox.com/: 23 <script> tags.
2024-09-18 15:53:58,766:INFO:Processed https://cloudflare.com/: 11 <script> tags.
2024-09-18 15:53:58,922:INFO:Processed https://detik.com/: 37 <script> tags.
2024-09-18 15:53:59,032:INFO:Processed https://academia.edu/: 31 <script> tags.
2024-09-18 15:53:59,041:INFO:Processed https://archives.gov/: 11 <script> tags.
2024-09-18 15:53:59,248:INFO:Processed https://adobe.com/: 3 <script> tags.
2024-09-18 15:53:59,269:INFO:Processed https://4shared.com/: 56 <script> tags.
2024-09-18 15:53:59,425:INFO:Processed https://mail.ru/: 87 <script> tags.
2024-09-18 15:53:59,441:INFO:Processed https://depositfiles.com/: 11 <script> tags.
2024-09-18 15:53:59,474:ERROR:Error processing https://doubleclick.net/: HTTPSConnectionPool(host='doubleclick.net', port=443): Max retries exceeded with url: / (Caused by NameResolutionError("<urllib3.connection.HTTPSConnection object at 0x117d76010>: Failed to resolve 'doubleclick.net' ([Errno 8] nodename nor servname provided, or not known)"))
2024-09-18 15:53:59,528:INFO:Processed https://gravatar.com/: 11 <script> tags.
2024-09-18 15:53:59,555:ERROR:Error processing https://gesetze-im-internet.de/: HTTPSConnectionPool(host='gesetze-im-internet.de', port=443): Max retries exceeded with url: / (Caused by NameResolutionError("<urllib3.connection.HTTPSConnection object at 0x120e0e1d0>: Failed to resolve 'gesetze-im-internet.de' ([Errno 8] nodename nor servname provided, or not known)"))
2024-09-18 15:53:59,813:ERROR:Error processing https://cisco.com/: HTTPSConnectionPool(host='cisco.com', port=443): Max retries exceeded with url: / (Caused by SSLError(SSLError(1, '[SSL: UNSAFE_LEGACY_RENEGOTIATION_DISABLED] unsafe legacy renegotiation disabled (_ssl.c:1006)')))
2024-09-18 15:53:59,876:INFO:Processed https://qq.com/: 14 <script> tags.
2024-09-18 15:54:00,005:INFO:Processed https://t.me/: 3 <script> tags.
2024-09-18 15:54:00,136:INFO:Processed https://youtube.com/: 42 <script> tags.
2024-09-18 15:54:00,272:INFO:Processed https://standard.co.uk/: 12 <script> tags.
2024-09-18 15:54:00,615:ERROR:Error processing https://home.neustar/: 403 Client Error: Forbidden for url: https://home.neustar/
2024-09-18 15:54:00,668:INFO:Processed https://seattletimes.com/: 32 <script> tags.
2024-09-18 15:54:00,728:ERROR:Error processing https://bloglovin.com/: 403 Client Error: Forbidden for url: https://bloglovin.com/
2024-09-18 15:54:00,776:INFO:Processed https://usa.gov/: 28 <script> tags.
2024-09-18 15:54:00,893:INFO:Processed https://espn.com/: 27 <script> tags.
2024-09-18 15:54:00,999:INFO:Processed https://nature.com/: 8 <script> tags.
2024-09-18 15:54:01,025:ERROR:Error processing https://hugedomains.com/: 403 Client Error: Forbidden for url: https://hugedomains.com/
2024-09-18 15:54:01,068:INFO:Processed https://imageshack.us/: 9 <script> tags.
2024-09-18 15:54:01,093:ERROR:Error processing https://pixabay.com/: 403 Client Error: Forbidden for url: https://pixabay.com/
2024-09-18 15:54:01,100:ERROR:Error processing https://bandcamp.com/: 403 Client Error: Forbidden for url: https://bandcamp.com/
2024-09-18 15:54:01,358:INFO:Processed https://rambler.ru/: 22 <script> tags.
2024-09-18 15:54:01,453:ERROR:Error processing https://storage.googleapis.com/: 400 Client Error: Bad Request for url: https://storage.googleapis.com/
2024-09-18 15:54:01,499:INFO:Processed https://bund.de/: 4 <script> tags.
2024-09-18 15:54:01,750:INFO:Processed https://calameo.com/: 4 <script> tags.
2024-09-18 15:54:01,840:INFO:Processed https://channel4.com/: 10 <script> tags.
2024-09-18 15:54:01,987:INFO:Processed https://twitch.tv/: 10 <script> tags.
2024-09-18 15:54:02,290:INFO:Processed https://box.com/: 30 <script> tags.
2024-09-18 15:54:02,371:INFO:Processed https://businesswire.com/: 21 <script> tags.
2024-09-18 15:54:02,513:INFO:Processed https://sendspace.com/: 21 <script> tags.
2024-09-18 15:54:02,623:ERROR:Error processing https://buydomains.com/: 403 Client Error: Forbidden for url: https://buydomains.com/
2024-09-18 15:54:02,693:INFO:Processed https://iubenda.com/: 43 <script> tags.
2024-09-18 15:54:02,725:ERROR:Error processing https://house.gov/: HTTPSConnectionPool(host='house.gov', port=443): Max retries exceeded with url: / (Caused by SSLError(SSLCertVerificationError(1, '[SSL: CERTIFICATE_VERIFY_FAILED] certificate verify failed: unable to get local issuer certificate (_ssl.c:1006)')))
2024-09-18 15:54:02,854:INFO:Processed https://tools.google.com/: 5 <script> tags.
2024-09-18 15:54:02,958:INFO:Processed https://prnewswire.com/: 13 <script> tags.
2024-09-18 15:54:03,105:INFO:Processed https://dropbox.com/: 22 <script> tags.
2024-09-18 15:54:03,186:ERROR:Error processing https://bp0.blogger.com/: 400 Client Error: Bad Request for url: https://bp0.blogger.com/
2024-09-18 15:54:03,714:INFO:Processed https://latimes.com/: 15 <script> tags.
2024-09-18 15:54:03,774:INFO:Processed https://networkadvertising.org/: 17 <script> tags.
2024-09-18 15:54:04,064:INFO:Processed https://debian.org/: 0 <script> tags.
2024-09-18 15:54:04,373:INFO:Processed https://independent.co.uk/: 21 <script> tags.
2024-09-18 15:54:04,406:INFO:Processed https://soratemplates.com/: 125 <script> tags.
2024-09-18 15:54:04,466:INFO:Processed https://telegraph.co.uk/: 35 <script> tags.
2024-09-18 15:54:04,471:INFO:Processed https://search.yahoo.com/: 10 <script> tags.
2024-09-18 15:54:04,631:INFO:Processed https://bing.com/: 15 <script> tags.
2024-09-18 15:54:04,682:INFO:Processed https://goo.ne.jp/: 36 <script> tags.
2024-09-18 15:54:04,915:INFO:Processed https://google.es/: 13 <script> tags.
2024-09-18 15:54:04,949:INFO:Processed https://dribbble.com/: 65 <script> tags.
2024-09-18 15:54:04,975:INFO:Processed https://weather.com/: 25 <script> tags.
2024-09-18 15:54:04,983:INFO:Processed https://liveinternet.ru/: 24 <script> tags.
2024-09-18 15:54:05,171:INFO:Processed https://nvidia.com/: 23 <script> tags.
2024-09-18 15:54:05,232:INFO:Processed https://ovh.co.uk/: 59 <script> tags.
2024-09-18 15:54:05,401:INFO:Processed https://xing.com/: 5 <script> tags.
2024-09-18 15:54:05,512:INFO:Processed https://fandom.com/: 13 <script> tags.
2024-09-18 15:54:05,528:INFO:Processed https://hatena.ne.jp/: 16 <script> tags.
2024-09-18 15:54:05,933:ERROR:Error processing https://dreamstime.com/: 403 Client Error: Forbidden for url: https://www.dreamstime.com/
2024-09-18 15:54:06,146:INFO:Processed https://cnbc.com/: 6 <script> tags.
2024-09-18 15:54:06,205:INFO:Processed https://weibo.com/: 2 <script> tags.
2024-09-18 15:54:06,462:INFO:Processed https://zendesk.com/: 34 <script> tags.
2024-09-18 15:54:06,469:INFO:Processed https://telegram.me/: 3 <script> tags.
2024-09-18 15:54:06,622:INFO:Processed https://xbox.com/: 26 <script> tags.
2024-09-18 15:54:06,625:INFO:Processed https://soundcloud.com/: 20 <script> tags.
2024-09-18 15:54:06,686:INFO:Processed https://evernote.com/: 15 <script> tags.
2024-09-18 15:54:06,769:INFO:Processed https://google.ca/: 13 <script> tags.
2024-09-18 15:54:06,788:INFO:Processed https://aljazeera.com/: 42 <script> tags.
2024-09-18 15:54:07,079:INFO:Processed https://adweek.com/: 80 <script> tags.
2024-09-18 15:54:07,186:INFO:Processed https://epa.gov/: 34 <script> tags.
2024-09-18 15:54:07,398:INFO:Processed https://microsoft.com/: 49 <script> tags.
2024-09-18 15:54:07,499:INFO:Processed https://example.com/: 0 <script> tags.
2024-09-18 15:54:07,635:INFO:Processed https://apache.org/: 7 <script> tags.
2024-09-18 15:54:07,738:ERROR:Error processing https://sciencedirect.com/: 403 Client Error: Forbidden for url: https://www.sciencedirect.com/
2024-09-18 15:54:07,840:ERROR:Error processing https://bp3.blogger.com/: 400 Client Error: Bad Request for url: https://bp3.blogger.com/
2024-09-18 15:54:08,125:INFO:Processed https://uol.com.br/: 41 <script> tags.
2024-09-18 15:54:08,129:INFO:Processed https://naver.com/: 13 <script> tags.
2024-09-18 15:54:08,301:ERROR:Error processing https://gstatic.com/: 404 Client Error: Not Found for url: https://www.gstatic.com/
2024-09-18 15:54:08,537:INFO:Processed https://booking.com/: 176 <script> tags.
2024-09-18 15:54:08,542:INFO:Processed https://dan.com/: 27 <script> tags.
2024-09-18 15:54:08,867:INFO:Processed https://amazon.in/: 131 <script> tags.
2024-09-18 15:54:08,959:INFO:Processed https://theglobeandmail.com/: 51 <script> tags.
2024-09-18 15:54:08,974:INFO:Processed https://dictionary.com/: 21 <script> tags.
2024-09-18 15:54:08,995:INFO:Processed https://target.com/: 155 <script> tags.
2024-09-18 15:54:09,022:INFO:Processed https://chinadaily.com.cn/: 26 <script> tags.
2024-09-18 15:54:09,388:INFO:Processed https://mirror.co.uk/: 47 <script> tags.
2024-09-18 15:54:09,397:INFO:Processed https://usatoday.com/: 18 <script> tags.
2024-09-18 15:54:09,482:INFO:Processed https://ign.com/: 24 <script> tags.
2024-09-18 15:54:09,637:INFO:Processed https://amazon.com/: 3 <script> tags.
2024-09-18 15:54:09,819:INFO:Processed https://newscientist.com/: 41 <script> tags.
2024-09-18 15:54:09,829:INFO:Processed https://sakura.ne.jp/: 9 <script> tags.
2024-09-18 15:54:09,834:INFO:Processed https://istockphoto.com/: 20 <script> tags.
2024-09-18 15:54:09,864:ERROR:Error processing https://addthis.com/: HTTPSConnectionPool(host='addthis.com', port=443): Max retries exceeded with url: / (Caused by NameResolutionError("<urllib3.connection.HTTPSConnection object at 0x120d36bd0>: Failed to resolve 'addthis.com' ([Errno 8] nodename nor servname provided, or not known)"))
2024-09-18 15:54:09,967:INFO:Processed https://php.net/: 8 <script> tags.
2024-09-18 15:54:09,999:ERROR:Error processing https://fastcompany.com/: 403 Client Error: Forbidden for url: https://fastcompany.com/
2024-09-18 15:54:10,066:ERROR:Error processing https://windowsphone.com/: HTTPSConnectionPool(host='windowsphone.com', port=443): Max retries exceeded with url: / (Caused by SSLError(SSLCertVerificationError(1, "[SSL: CERTIFICATE_VERIFY_FAILED] certificate verify failed: Hostname mismatch, certificate is not valid for 'windowsphone.com'. (_ssl.c:1006)")))
2024-09-18 15:54:10,188:INFO:Processed https://developers.google.com/: 6 <script> tags.
2024-09-18 15:54:10,189:ERROR:Error processing https://nhk.or.jp/: HTTPSConnectionPool(host='nhk.or.jp', port=443): Max retries exceeded with url: / (Caused by NameResolutionError("<urllib3.connection.HTTPSConnection object at 0x120d35f10>: Failed to resolve 'nhk.or.jp' ([Errno 8] nodename nor servname provided, or not known)"))
2024-09-18 15:54:10,222:INFO:Processed https://elmundo.es/: 46 <script> tags.
2024-09-18 15:54:10,492:ERROR:Error processing https://sciencemag.org/: 403 Client Error: Forbidden for url: https://www.sciencemag.org/
2024-09-18 15:54:10,675:INFO:Processed https://stackoverflow.com/: 32 <script> tags.
2024-09-18 15:54:10,773:ERROR:Error processing https://bp1.blogger.com/: 400 Client Error: Bad Request for url: https://bp1.blogger.com/
2024-09-18 15:54:10,911:INFO:Processed https://eff.org/: 8 <script> tags.
2024-09-18 15:54:10,962:INFO:Processed https://vice.com/: 24 <script> tags.
2024-09-18 15:54:11,061:INFO:Processed https://berkeley.edu/: 19 <script> tags.
2024-09-18 15:54:11,134:INFO:Processed https://cpanel.com/: 16 <script> tags.
2024-09-18 15:54:11,179:INFO:Processed https://businessinsider.com/: 32 <script> tags.
2024-09-18 15:54:11,206:INFO:Processed https://id.wikipedia.org/: 5 <script> tags.
2024-09-18 15:54:11,355:INFO:Processed https://policies.google.com/: 20 <script> tags.
2024-09-18 15:54:11,556:INFO:Processed https://gmail.com/: 6 <script> tags.
2024-09-18 15:54:11,948:INFO:Processed https://amazon.ca/: 3 <script> tags.
2024-09-18 15:54:11,956:INFO:Processed https://cbslocal.com/: 8 <script> tags.
2024-09-18 15:54:12,013:INFO:Processed https://sky.com/: 23 <script> tags.
2024-09-18 15:54:12,148:INFO:Processed https://npr.org/: 22 <script> tags.
2024-09-18 15:54:12,308:INFO:Processed https://pbs.org/: 11 <script> tags.
2024-09-18 15:54:12,361:INFO:Processed https://rottentomatoes.com/: 24 <script> tags.
2024-09-18 15:54:12,531:INFO:Processed https://spiegel.de/: 22 <script> tags.
2024-09-18 15:54:12,568:ERROR:Error processing https://aboutads.info/: HTTPSConnectionPool(host='youradchoices.com', port=443): Max retries exceeded with url: / (Caused by NameResolutionError("<urllib3.connection.HTTPSConnection object at 0x117777910>: Failed to resolve 'youradchoices.com' ([Errno 8] nodename nor servname provided, or not known)"))
2024-09-18 15:54:12,578:INFO:Processed https://office.com/: 17 <script> tags.
2024-09-18 15:54:12,723:INFO:Processed https://theatlantic.com/: 17 <script> tags.
2024-09-18 15:54:12,817:ERROR:Error processing https://000webhost.com/: 403 Client Error: Forbidden for url: https://000webhost.com/
2024-09-18 15:54:13,213:INFO:Processed https://sites.google.com/: 6 <script> tags.
2024-09-18 15:54:13,342:INFO:Processed https://mega.nz/: 1 <script> tags.
2024-09-18 15:54:13,543:INFO:Processed https://t-online.de/: 44 <script> tags.
2024-09-18 15:54:13,564:INFO:Processed https://yandex.ru/: 1 <script> tags.
2024-09-18 15:54:13,596:INFO:Processed https://sports.yahoo.com/: 65 <script> tags.
2024-09-18 15:54:13,786:INFO:Processed https://www.yahoo.com/: 68 <script> tags.
2024-09-18 15:54:13,833:INFO:Processed https://wikimedia.org/: 0 <script> tags.
2024-09-18 15:54:13,862:INFO:Processed https://cdc.gov/: 12 <script> tags.
2024-09-18 15:54:13,988:INFO:Processed https://ft.com/: 13 <script> tags.
2024-09-18 15:54:13,999:ERROR:Error processing https://picasaweb.google.com/: 404 Client Error: Not Found for url: https://get.google.com/albumarchive/pwa/
2024-09-18 15:54:14,017:ERROR:Error processing https://histats.com/: HTTPSConnectionPool(host='histats.com', port=443): Max retries exceeded with url: / (Caused by NameResolutionError("<urllib3.connection.HTTPSConnection object at 0x1177e1d10>: Failed to resolve 'histats.com' ([Errno 8] nodename nor servname provided, or not known)"))
2024-09-18 15:54:14,253:INFO:Processed https://android.com/: 12 <script> tags.
2024-09-18 15:54:14,256:ERROR:Error processing https://privacyshield.gov/: HTTPSConnectionPool(host='privacyshield.gov', port=443): Max retries exceeded with url: / (Caused by SSLError(SSLEOFError(8, '[SSL: UNEXPECTED_EOF_WHILE_READING] EOF occurred in violation of protocol (_ssl.c:1006)')))
2024-09-18 15:54:14,372:INFO:Processed https://creativecommons.org/: 7 <script> tags.
2024-09-18 15:54:14,571:INFO:Processed https://godaddy.com/: 19 <script> tags.
2024-09-18 15:54:14,654:INFO:Processed https://ria.ru/: 87 <script> tags.
2024-09-18 15:54:14,941:INFO:Processed https://httpstat.us/202: 0 <script> tags.
2024-09-18 15:54:14,948:INFO:Processed https://google.nl/: 13 <script> tags.
2024-09-18 15:54:15,217:INFO:Processed https://myaccount.google.com/: 6 <script> tags.
2024-09-18 15:54:15,659:INFO:Processed https://amazon.co.jp/: 114 <script> tags.
2024-09-18 15:54:15,713:INFO:Processed https://alibaba.com/: 33 <script> tags.
2024-09-18 15:54:15,724:INFO:Processed https://books.google.com/: 5 <script> tags.
2024-09-18 15:54:15,877:INFO:Processed https://ja.wikipedia.org/: 5 <script> tags.
2024-09-18 15:54:15,979:INFO:Processed https://pl.wikipedia.org/: 4 <script> tags.
2024-09-18 15:54:16,084:INFO:Processed https://foursquare.com/: 11 <script> tags.
2024-09-18 15:54:16,359:INFO:Processed https://thesun.co.uk/: 21 <script> tags.
2024-09-18 15:54:16,379:INFO:Processed https://slideshare.net/: 16 <script> tags.
2024-09-18 15:54:16,407:INFO:Processed https://cmu.edu/: 14 <script> tags.
2024-09-18 15:54:16,427:INFO:Processed https://abcnews.go.com/: 37 <script> tags.
2024-09-18 15:54:16,781:INFO:Processed https://unesco.org/: 5 <script> tags.
2024-09-18 15:54:16,799:INFO:Processed https://siemens.com/: 7 <script> tags.
2024-09-18 15:54:17,118:INFO:Processed https://archive.org/: 6 <script> tags.
2024-09-18 15:54:17,152:ERROR:Error processing https://washingtonpost.com/: 403 Client Error: Forbidden for url: https://www.washingtonpost.com/
2024-09-18 15:54:17,403:INFO:Processed https://daum.net/: 10 <script> tags.
2024-09-18 15:54:17,591:INFO:Processed https://pixnet.net/: 21 <script> tags.
2024-09-18 15:54:17,598:INFO:Processed https://google.com.tw/: 13 <script> tags.
2024-09-18 15:54:17,834:INFO:Processed https://quora.com/: 22 <script> tags.
2024-09-18 15:54:17,843:INFO:Processed https://autodesk.com/: 38 <script> tags.
2024-09-18 15:54:17,852:INFO:Processed https://google.com.br/: 13 <script> tags.
2024-09-18 15:54:17,923:INFO:Processed https://huffpost.com/: 52 <script> tags.
2024-09-18 15:54:17,955:ERROR:Error processing https://storage.canalblog.com/: HTTPSConnectionPool(host='storage.canalblog.com', port=443): Max retries exceeded with url: / (Caused by NameResolutionError("<urllib3.connection.HTTPSConnection object at 0x117924110>: Failed to resolve 'storage.canalblog.com' ([Errno 8] nodename nor servname provided, or not known)"))
2024-09-18 15:54:18,081:INFO:Processed https://bbc.com/: 20 <script> tags.
2024-09-18 15:54:18,100:INFO:Processed https://es.wikipedia.org/: 4 <script> tags.
2024-09-18 15:54:18,217:ERROR:Error processing https://inc.com/: 403 Client Error: Forbidden for url: https://inc.com/
2024-09-18 15:54:18,285:INFO:Processed https://psychologytoday.com/: 14 <script> tags.
2024-09-18 15:54:18,337:INFO:Processed https://discovery.com/: 38 <script> tags.
2024-09-18 15:54:18,358:INFO:Processed https://youku.com/: 26 <script> tags.
2024-09-18 15:54:18,376:INFO:Processed https://tinyurl.com/: 6 <script> tags.
2024-09-18 15:54:18,422:ERROR:Error processing https://akamaihd.net/: HTTPSConnectionPool(host='akamaihd.net', port=443): Max retries exceeded with url: / (Caused by NameResolutionError("<urllib3.connection.HTTPSConnection object at 0x117608790>: Failed to resolve 'akamaihd.net' ([Errno 8] nodename nor servname provided, or not known)"))
2024-09-18 15:54:18,476:INFO:Processed https://get.google.com/: 13 <script> tags.
2024-09-18 15:54:18,606:ERROR:Error processing https://usnews.com/: 403 Client Error: Forbidden for url: https://usnews.com/
2024-09-18 15:54:18,646:INFO:Processed https://giphy.com/: 45 <script> tags.
2024-09-18 15:54:18,807:INFO:Processed https://oracle.com/: 22 <script> tags.
2024-09-18 15:54:18,954:INFO:Processed https://ustream.tv/: 12 <script> tags.
2024-09-18 15:54:19,055:INFO:Processed https://hm.com/: 38 <script> tags.
2024-09-18 15:54:19,443:INFO:Processed https://variety.com/: 116 <script> tags.
2024-09-18 15:54:19,465:INFO:Processed https://csmonitor.com/: 15 <script> tags.
2024-09-18 15:54:19,482:INFO:Processed https://linkedin.com/: 5 <script> tags.
2024-09-18 15:54:19,524:INFO:Processed https://lycos.com/: 16 <script> tags.
2024-09-18 15:54:20,093:INFO:Processed https://wikia.com/: 12 <script> tags.
2024-09-18 15:54:20,104:INFO:Processed https://goodreads.com/: 21 <script> tags.
2024-09-18 15:54:20,114:INFO:Processed https://washington.edu/: 13 <script> tags.
2024-09-18 15:54:20,315:INFO:Processed https://nih.gov/: 19 <script> tags.
2024-09-18 15:54:20,364:INFO:Processed https://wiktionary.org/: 4 <script> tags.
2024-09-18 15:54:20,610:INFO:Processed https://smh.com.au/: 20 <script> tags.
2024-09-18 15:54:20,695:ERROR:Error processing https://bp2.blogger.com/: 400 Client Error: Bad Request for url: https://bp2.blogger.com/
2024-09-18 15:54:20,887:INFO:Processed https://nginx.com/: 20 <script> tags.
2024-09-18 15:54:21,379:INFO:Processed https://globo.com/: 57 <script> tags.
2024-09-18 15:54:21,428:INFO:Processed https://change.org/: 22 <script> tags.
2024-09-18 15:54:21,551:INFO:Processed https://ameblo.jp/: 18 <script> tags.
2024-09-18 15:54:21,621:INFO:Processed https://finance.yahoo.com/: 51 <script> tags.
2024-09-18 15:54:21,647:INFO:Processed https://metro.co.uk/: 35 <script> tags.
2024-09-18 15:54:21,748:INFO:Processed https://behance.net/: 8 <script> tags.
2024-09-18 15:54:21,761:INFO:Processed https://draft.blogger.com/: 3 <script> tags.
2024-09-18 15:54:21,804:INFO:Processed https://plus.google.com/: 13 <script> tags.
2024-09-18 15:54:21,908:INFO:Processed https://surveymonkey.com/: 69 <script> tags.
2024-09-18 15:54:21,913:INFO:Processed https://aol.com/: 72 <script> tags.
2024-09-18 15:54:22,040:INFO:Processed https://it.wikipedia.org/: 5 <script> tags.
2024-09-18 15:54:22,066:INFO:Processed https://trustpilot.com/: 18 <script> tags.
2024-09-18 15:54:22,069:ERROR:Error processing https://httpstat.us/500: 500 Server Error: Internal Server Error for url: https://httpstat.us/500
2024-09-18 15:54:22,087:INFO:Processed https://gizmodo.com/: 29 <script> tags.
2024-09-18 15:54:22,238:INFO:Processed https://photos.google.com/: 17 <script> tags.
2024-09-18 15:54:22,342:INFO:Processed https://wattpad.com/: 7 <script> tags.
2024-09-18 15:54:22,373:ERROR:Error processing https://afternic.com/: HTTPSConnectionPool(host='afternic.com', port=443): Max retries exceeded with url: / (Caused by NameResolutionError("<urllib3.connection.HTTPSConnection object at 0x1172d5dd0>: Failed to resolve 'afternic.com' ([Errno 8] nodename nor servname provided, or not known)"))
2024-09-18 15:54:22,426:INFO:Processed https://umich.edu/: 14 <script> tags.
2024-09-18 15:54:22,505:INFO:Processed https://gooyaabitemplates.com/: 28 <script> tags.
2024-09-18 15:54:22,510:INFO:Processed https://fb.me/: 16 <script> tags.
2024-09-18 15:54:22,546:ERROR:Error processing https://viglink.com/: HTTPSConnectionPool(host='sovrn.com', port=443): Max retries exceeded with url: /commerce/?utm_source=viglink (Caused by NameResolutionError("<urllib3.connection.HTTPSConnection object at 0x120e9ef10>: Failed to resolve 'sovrn.com' ([Errno 8] nodename nor servname provided, or not known)"))
2024-09-18 15:54:22,616:INFO:Processed https://photobucket.com/: 7 <script> tags.
2024-09-18 15:54:22,620:INFO:Processed https://corriere.it/: 39 <script> tags.
2024-09-18 15:54:22,757:INFO:Processed https://orange.fr/: 2 <script> tags.
2024-09-18 15:54:22,816:INFO:Processed https://buzzfeed.com/: 27 <script> tags.
2024-09-18 15:54:22,859:INFO:Processed https://www.over-blog.com/: 14 <script> tags.
2024-09-18 15:54:22,893:INFO:Processed https://google.co.jp/: 13 <script> tags.
2024-09-18 15:54:22,914:ERROR:Error processing https://nifty.com/: HTTPSConnectionPool(host='nifty.com', port=443): Max retries exceeded with url: / (Caused by SSLError(SSLError(1, '[SSL: SSLV3_ALERT_HANDSHAKE_FAILURE] sslv3 alert handshake failure (_ssl.c:1006)')))
2024-09-18 15:54:23,264:INFO:Processed https://namecheap.com/: 27 <script> tags.
2024-09-18 15:54:23,341:INFO:Processed https://ndtv.com/: 43 <script> tags.
2024-09-18 15:54:23,467:ERROR:Error processing https://youronlinechoices.com/: HTTPSConnectionPool(host='youronlinechoices.com', port=443): Max retries exceeded with url: / (Caused by SSLError(SSLCertVerificationError(1, '[SSL: CERTIFICATE_VERIFY_FAILED] certificate verify failed: unable to get local issuer certificate (_ssl.c:1006)')))
2024-09-18 15:54:23,557:INFO:Processed https://ox.ac.uk/: 9 <script> tags.
2024-09-18 15:54:23,604:INFO:Processed https://rt.com/: 28 <script> tags.
2024-09-18 15:54:23,754:ERROR:Error processing https://venturebeat.com/: 403 Client Error: Forbidden for url: https://venturebeat.com/
2024-09-18 15:54:23,801:INFO:Processed https://w3.org/: 4 <script> tags.
2024-09-18 15:54:23,809:INFO:Processed https://medium.com/: 15 <script> tags.
2024-09-18 15:54:23,834:INFO:Processed https://dell.com/: 23 <script> tags.
2024-09-18 15:54:24,461:INFO:Processed https://ibm.com/: 47 <script> tags.
2024-09-18 15:54:24,517:INFO:Processed https://my.yahoo.com/: 57 <script> tags.
2024-09-18 15:54:24,633:INFO:Processed https://digg.com/: 27 <script> tags.
2024-09-18 15:54:24,795:INFO:Processed https://huffingtonpost.com/: 52 <script> tags.
2024-09-18 15:54:24,997:INFO:Processed https://search.google.com/: 13 <script> tags.
2024-09-18 15:54:25,029:ERROR:Error processing https://ggpht.com/: HTTPSConnectionPool(host='ggpht.com', port=443): Max retries exceeded with url: / (Caused by NameResolutionError("<urllib3.connection.HTTPSConnection object at 0x111e9ac50>: Failed to resolve 'ggpht.com' ([Errno 8] nodename nor servname provided, or not known)"))
2024-09-18 15:54:25,179:INFO:Processed https://dailymotion.com/: 19 <script> tags.
2024-09-18 15:54:25,336:INFO:Processed https://news.yahoo.com/: 72 <script> tags.
2024-09-18 15:54:25,390:INFO:Processed https://wp.com/: 23 <script> tags.
2024-09-18 15:54:25,398:INFO:Processed https://paypal.com/: 19 <script> tags.
2024-09-18 15:54:25,612:INFO:Processed https://en.wikipedia.org/: 5 <script> tags.
2024-09-18 15:54:25,847:INFO:Processed https://thefreedictionary.com/: 28 <script> tags.
2024-09-18 15:54:25,879:INFO:Processed https://uspto.gov/: 19 <script> tags.
2024-09-18 15:54:25,977:INFO:Processed https://www.livejournal.com/: 18 <script> tags.
2024-09-18 15:54:25,979:INFO:Processed https://dailymail.co.uk/: 61 <script> tags.
2024-09-18 15:54:26,002:INFO:Processed https://bit.ly/: 26 <script> tags.
2024-09-18 15:54:26,190:INFO:Processed https://so-net.ne.jp/: 9 <script> tags.
2024-09-18 15:54:26,209:INFO:Processed https://techcrunch.com/: 37 <script> tags.
2024-09-18 15:54:26,225:INFO:Processed https://aliexpress.com/: 23 <script> tags.
2024-09-18 15:54:26,267:INFO:Processed https://boston.com/: 61 <script> tags.
2024-09-18 15:54:26,533:INFO:Processed https://cbc.ca/: 32 <script> tags.
2024-09-18 15:54:26,599:INFO:Processed https://kinja.com/: 45 <script> tags.
2024-09-18 15:54:26,781:INFO:Processed https://github.com/: 54 <script> tags.
2024-09-18 15:54:26,793:INFO:Processed https://cornell.edu/: 20 <script> tags.
2024-09-18 15:54:26,801:INFO:Processed https://pinterest.com/: 54 <script> tags.
2024-09-18 15:54:26,936:INFO:Processed https://amazon.co.uk/: 43 <script> tags.
2024-09-18 15:54:27,029:INFO:Processed https://ea.com/: 15 <script> tags.
2024-09-18 15:54:27,029:ERROR:Error processing https://un.org/: HTTPSConnectionPool(host='un.org', port=443): Max retries exceeded with url: / (Caused by SSLError(SSLError(1, '[SSL: UNSAFE_LEGACY_RENEGOTIATION_DISABLED] unsafe legacy renegotiation disabled (_ssl.c:1006)')))
2024-09-18 15:54:27,160:INFO:Processed https://e-monsite.com/: 13 <script> tags.
2024-09-18 15:54:27,269:INFO:Processed https://digitaltrends.com/: 58 <script> tags.
2024-09-18 15:54:27,333:INFO:Processed https://m.wikipedia.org/: 4 <script> tags.
2024-09-18 15:54:27,800:INFO:Processed https://ovh.com/: 59 <script> tags.
2024-09-18 15:54:27,974:ERROR:Error processing https://tripadvisor.com/: 403 Client Error: Forbidden for url: https://tripadvisor.com/
2024-09-18 15:54:28,137:INFO:Processed https://guardian.co.uk/: 23 <script> tags.
2024-09-18 15:54:28,168:ERROR:Error processing https://a8.net/: HTTPSConnectionPool(host='a8.net', port=443): Max retries exceeded with url: / (Caused by NameResolutionError("<urllib3.connection.HTTPSConnection object at 0x1177dc550>: Failed to resolve 'a8.net' ([Errno 8] nodename nor servname provided, or not known)"))
2024-09-18 15:54:28,287:INFO:Processed https://abc.net.au/: 24 <script> tags.
2024-09-18 15:54:28,291:INFO:Processed https://offset.com/: 10 <script> tags.
2024-09-18 15:54:28,360:ERROR:Error processing https://megaupload.com/: HTTPSConnectionPool(host='megaupload.com', port=443): Max retries exceeded with url: / (Caused by NameResolutionError("<urllib3.connection.HTTPSConnection object at 0x1178b1cd0>: Failed to resolve 'megaupload.com' ([Errno 8] nodename nor servname provided, or not known)"))
2024-09-18 15:54:28,986:INFO:Processed https://playstation.com/: 31 <script> tags.
2024-09-18 15:54:29,049:INFO:Processed https://economist.com/: 32 <script> tags.
2024-09-18 15:54:29,161:INFO:Processed https://sina.com.cn/: 101 <script> tags.
2024-09-18 15:54:29,358:INFO:Processed https://connect.over-blog.com/: 4 <script> tags.
2024-09-18 15:54:29,402:INFO:Processed https://theverge.com/: 31 <script> tags.
2024-09-18 15:54:29,594:INFO:Processed https://welt.de/: 156 <script> tags.
2024-09-18 15:54:29,603:INFO:Processed https://mediafire.com/: 26 <script> tags.
2024-09-18 15:54:29,615:INFO:Processed https://eventbrite.com/: 36 <script> tags.
2024-09-18 15:54:29,641:INFO:Processed https://wikihow.com/: 102 <script> tags.
2024-09-18 15:54:29,644:INFO:Processed https://google.it/: 13 <script> tags.
2024-09-18 15:54:29,688:INFO:Processed https://ftc.gov/: 56 <script> tags.
2024-09-18 15:54:29,737:INFO:Processed https://ask.fm/: 9 <script> tags.
2024-09-18 15:54:29,908:INFO:Processed https://thetimes.co.uk/: 212 <script> tags.
2024-09-18 15:54:30,016:INFO:Processed https://code.google.com/: 1 <script> tags.
2024-09-18 15:54:30,109:INFO:Processed https://groups.google.com/: 6 <script> tags.
2024-09-18 15:54:30,249:INFO:Processed https://lefigaro.fr/: 30 <script> tags.
2024-09-18 15:54:30,558:INFO:Processed https://mysql.com/: 9 <script> tags.
2024-09-18 15:54:30,586:INFO:Processed https://britannica.com/: 34 <script> tags.
2024-09-18 15:54:30,672:INFO:Processed https://cnet.com/: 69 <script> tags.
2024-09-18 15:54:30,675:INFO:Processed https://feedburner.com/: 4 <script> tags.
2024-09-18 15:54:31,101:INFO:Processed https://princeton.edu/: 6 <script> tags.
2024-09-18 15:54:31,416:INFO:Processed https://abril.com.br/: 19 <script> tags.
2024-09-18 15:54:31,588:INFO:Processed https://play.google.com/: 25 <script> tags.
2024-09-18 15:54:31,698:INFO:Processed https://ieee.org/: 29 <script> tags.
2024-09-18 15:54:31,756:INFO:Processed https://elpais.com/: 20 <script> tags.
2024-09-18 15:54:31,787:INFO:Processed https://people.com/: 6 <script> tags.
2024-09-18 15:54:31,940:INFO:Processed https://hollywoodreporter.com/: 112 <script> tags.
2024-09-18 15:54:32,050:INFO:Processed https://line.me/: 12 <script> tags.
2024-09-18 15:54:32,078:INFO:Processed https://redhat.com/: 35 <script> tags.
2024-09-18 15:54:32,078:ERROR:Error processing https://ssl-images-amazon.com/: HTTPSConnectionPool(host='ssl-images-amazon.com', port=443): Max retries exceeded with url: / (Caused by NameResolutionError("<urllib3.connection.HTTPSConnection object at 0x117f84390>: Failed to resolve 'ssl-images-amazon.com' ([Errno 8] nodename nor servname provided, or not known)"))
2024-09-18 15:54:32,096:INFO:Processed https://www.canalblog.com/: 14 <script> tags.
2024-09-18 15:54:32,108:INFO:Processed https://iso.org/: 27 <script> tags.
2024-09-18 15:54:32,152:INFO:Processed https://amazon.de/: 101 <script> tags.
2024-09-18 15:54:32,194:INFO:Processed https://themeforest.net/: 14 <script> tags.
2024-09-18 15:54:32,200:INFO:Processed https://docs.google.com/: 6 <script> tags.
2024-09-18 15:54:32,372:INFO:Processed https://foxnews.com/: 86 <script> tags.
2024-09-18 15:54:32,475:ERROR:Error processing https://plos.org/: 403 Client Error: Forbidden for url: https://plos.org/
2024-09-18 15:54:32,717:INFO:Processed https://googleblog.com/: 10 <script> tags.
2024-09-18 15:54:32,832:INFO:Processed https://sedo.com/: 9 <script> tags.
2024-09-18 15:54:32,870:INFO:Processed https://www.google.com/: 13 <script> tags.
2024-09-18 15:54:33,018:INFO:Processed https://apachefriends.org/: 5 <script> tags.
2024-09-18 15:54:33,091:INFO:Processed https://walmart.com/: 62 <script> tags.
2024-09-18 15:54:33,360:INFO:Processed https://youtu.be/: 42 <script> tags.
2024-09-18 15:54:33,362:ERROR:Error processing https://adssettings.google.com/: HTTPSConnectionPool(host='googleads.g.doubleclick.net', port=443): Max retries exceeded with url: /ads/preferences/getcookie?sig=ACi0TCgt5IaULnlmMc8wgku5bB6kbv4irOiLozyvzcULpBhqTCGVIZGCuSNiWld6IrsDypZGFIN8&continue=aHR0cHM6Ly9hZHNzZXR0aW5ncy5nb29nbGUuY29tL2Fub255bW91cw==&hl=en (Caused by NameResolutionError("<urllib3.connection.HTTPSConnection object at 0x117fc1f90>: Failed to resolve 'googleads.g.doubleclick.net' ([Errno 8] nodename nor servname provided, or not known)"))
2024-09-18 15:54:33,518:INFO:Processed https://asahi.com/: 32 <script> tags.
2024-09-18 15:54:33,629:INFO:Processed https://europa.eu/: 10 <script> tags.
2024-09-18 15:54:33,738:ERROR:Error processing https://news.com.au/: 403 Client Error: Forbidden for url: https://www.news.com.au/
2024-09-18 15:54:34,244:ERROR:Error processing https://list-manage.com/: HTTPSConnectionPool(host='list-manage.com', port=443): Max retries exceeded with url: / (Caused by SSLError(SSLCertVerificationError(1, "[SSL: CERTIFICATE_VERIFY_FAILED] certificate verify failed: Hostname mismatch, certificate is not valid for 'list-manage.com'. (_ssl.c:1006)")))
2024-09-18 15:54:34,285:INFO:Processed https://sapo.pt/: 22 <script> tags.
2024-09-18 15:54:34,299:ERROR:Error processing https://clickbank.net/: HTTPSConnectionPool(host='clickbank.net', port=443): Max retries exceeded with url: / (Caused by NameResolutionError("<urllib3.connection.HTTPSConnection object at 0x120f2bfd0>: Failed to resolve 'clickbank.net' ([Errno 8] nodename nor servname provided, or not known)"))
2024-09-18 15:54:34,328:INFO:Processed https://yadi.sk/: 6 <script> tags.
2024-09-18 15:54:34,549:INFO:Processed https://livescience.com/: 63 <script> tags.
2024-09-18 15:54:34,585:ERROR:Error processing https://ucoz.ru/: HTTPSConnectionPool(host='ucoz.ru', port=443): Max retries exceeded with url: / (Caused by NameResolutionError("<urllib3.connection.HTTPSConnection object at 0x117d5f650>: Failed to resolve 'ucoz.ru' ([Errno 8] nodename nor servname provided, or not known)"))
2024-09-18 15:54:34,625:INFO:Processed https://msn.com/: 12 <script> tags.
2024-09-18 15:54:34,689:INFO:Processed https://issuu.com/: 11 <script> tags.
2024-09-18 15:54:34,771:INFO:Processed https://www.blogger.com/: 3 <script> tags.
2024-09-18 15:54:34,846:ERROR:Error processing https://bt.com/: HTTPSConnectionPool(host='bt.com', port=443): Max retries exceeded with url: / (Caused by SSLError(SSLCertVerificationError(1, '[SSL: CERTIFICATE_VERIFY_FAILED] certificate verify failed: unable to get local issuer certificate (_ssl.c:1006)')))
2024-09-18 15:54:34,955:INFO:Processed https://lifehacker.com/: 20 <script> tags.
2024-09-18 15:54:35,304:INFO:Processed https://hp.com/: 16 <script> tags.
2024-09-18 15:54:35,337:INFO:Processed https://airbnb.com/: 46 <script> tags.
2024-09-18 15:54:35,559:ERROR:Error processing https://xinhuanet.com/: HTTPSConnectionPool(host='xinhuanet.com', port=443): Max retries exceeded with url: / (Caused by SSLError(SSLCertVerificationError(1, "[SSL: CERTIFICATE_VERIFY_FAILED] certificate verify failed: Hostname mismatch, certificate is not valid for 'xinhuanet.com'. (_ssl.c:1006)")))
2024-09-18 15:54:35,609:INFO:Processed https://excite.co.jp/: 7 <script> tags.
2024-09-18 15:54:35,681:INFO:Processed https://www.weebly.com/: 10 <script> tags.
2024-09-18 15:54:35,686:INFO:Processed https://google.fr/: 13 <script> tags.
2024-09-18 15:54:35,786:INFO:Processed https://theguardian.com/: 23 <script> tags.
2024-09-18 15:54:35,885:INFO:Processed https://wired.com/: 32 <script> tags.
2024-09-18 15:54:35,939:INFO:Processed https://support.google.com/: 58 <script> tags.
2024-09-18 15:54:36,029:INFO:Processed https://marketingplatform.google.com/: 10 <script> tags.
2024-09-18 15:54:36,030:INFO:Processed https://twitter.com/: 1 <script> tags.
2024-09-18 15:54:36,326:INFO:Processed https://news.google.com/: 0 <script> tags.
2024-09-18 15:54:36,582:INFO:Processed https://google.de/: 13 <script> tags.
2024-09-18 15:54:36,943:INFO:Processed https://t.co/: 1 <script> tags.
2024-09-18 15:54:36,994:INFO:Processed https://nasa.gov/: 13 <script> tags.
2024-09-18 15:54:37,103:ERROR:Error processing https://wsj.com/: 401 Client Error: HTTP Forbidden for url: https://www.wsj.com/
2024-09-18 15:54:37,197:INFO:Processed https://google.co.in/: 13 <script> tags.
2024-09-18 15:54:37,445:INFO:Processed https://wiley.com/: 11 <script> tags.
2024-09-18 15:54:37,449:INFO:Processed https://maps.google.com/: 0 <script> tags.
2024-09-18 15:54:37,538:INFO:Processed https://merriam-webster.com/: 23 <script> tags.
2024-09-18 15:54:37,544:INFO:Processed https://fb.com/: 16 <script> tags.
2024-09-18 15:54:37,567:ERROR:Error processing https://jimdofree.com/: HTTPSConnectionPool(host='jimdofree.com', port=443): Max retries exceeded with url: / (Caused by NameResolutionError("<urllib3.connection.HTTPSConnection object at 0x120f6a950>: Failed to resolve 'jimdofree.com' ([Errno 8] nodename nor servname provided, or not known)"))
2024-09-18 15:54:37,817:INFO:Processed https://wa.me/: 16 <script> tags.
2024-09-18 15:54:37,875:INFO:Processed https://biglobe.ne.jp/: 0 <script> tags.
2024-09-18 15:54:37,883:INFO:Processed https://ibtimes.com/: 21 <script> tags.
2024-09-18 15:54:37,899:INFO:Processed https://narod.ru/: 15 <script> tags.
2024-09-18 15:54:38,029:INFO:Processed https://softonic.com/: 11 <script> tags.
2024-09-18 15:54:38,458:INFO:Processed https://rakuten.co.jp/: 68 <script> tags.
2024-09-18 15:54:38,543:INFO:Processed https://xfinity.com/: 48 <script> tags.
2024-09-18 15:54:38,574:INFO:Processed https://nbcnews.com/: 44 <script> tags.
2024-09-18 15:54:39,067:INFO:Processed https://billboard.com/: 130 <script> tags.
2024-09-18 15:54:44,175:ERROR:Error processing https://asus.com/: HTTPSConnectionPool(host='asus.com', port=443): Read timed out. (read timeout=10)
2024-09-18 15:54:44,181:INFO:Results exported to /Users/borjagonzalez/Desktop/Bynder/url_checker_assignment/data/results.csv
